# JMH version: 1.21
# VM version: JDK 1.8.0_221, Java HotSpot(TM) 64-Bit Server VM, 25.221-b11
# VM invoker: /Library/Java/JavaVirtualMachines/jdk1.8.0_221.jdk/Contents/Home/jre/bin/java
# VM options: -javaagent:/Applications/IntelliJ IDEA.app/Contents/lib/idea_rt.jar=56392:/Applications/IntelliJ IDEA.app/Contents/bin -Dfile.encoding=UTF-8
# Warmup: 1 iterations, 10 s each
# Measurement: 2 iterations, 600 ms each
# Timeout: 10 min per iteration
# Threads: 20 threads, will synchronize iterations
# Benchmark mode: Throughput, ops/time
# Benchmark: redis.JedisStudy.get

# Run progress: 0.00% complete, ETA 00:00:11
# Fork: 1 of 1
# Warmup Iteration   1: 24.417 ops/ms
Iteration   1: 24.994 ops/ms
Iteration   2: 22.944 ops/ms


Result "redis.JedisStudy.get":
  23.969 ops/ms


# Run complete. Total time: 00:00:12

REMEMBER: The numbers below are just data. To gain reusable insights, you need to follow up on
why the numbers are the way they are. Use profilers (see -prof, -lprof), design factorial
experiments, perform baseline and negative tests that provide experimental control, make sure
the benchmarking environment is safe on JVM/OS/HW level, ask for reviews from the domain experts.
Do not assume the numbers tell you what you want them to tell.

Benchmark        Mode  Cnt   Score   Error   Units
JedisStudy.get  thrpt    2  23.969          ops/ms
